c:\users\koviuser\desktop\maptool2\release\vc140.pdb
c:\users\koviuser\desktop\maptool2\release\maptool2.obj
c:\users\koviuser\desktop\maptool2\release\fixedsplitterwnd.obj
c:\users\koviuser\desktop\maptool2\release\fbxloader.obj
c:\users\koviuser\desktop\maptool2\release\bitmapclass.obj
c:\users\koviuser\desktop\maptool2\release\maptool2.pch
c:\users\koviuser\desktop\maptool2\release\stdafx.obj
c:\users\koviuser\desktop\maptool2\release\mapscene.obj
c:\users\koviuser\desktop\maptool2\release\mainfrm.obj
c:\users\koviuser\desktop\maptool2\release\lightclass.obj
c:\users\koviuser\desktop\maptool2\release\inputclass.obj
c:\users\koviuser\desktop\maptool2\release\geometrygenerator.obj
c:\users\koviuser\desktop\maptool2\release\frustumclass.obj
c:\users\koviuser\desktop\maptool2\release\fpsclass.obj
c:\users\koviuser\desktop\maptool2\release\fontshaderclass.obj
c:\users\koviuser\desktop\maptool2\release\fontclass.obj
c:\users\koviuser\desktop\maptool2\release\d3dclass.obj
c:\users\koviuser\desktop\maptool2\release\ctile.obj
c:\users\koviuser\desktop\maptool2\release\cpuclass.obj
c:\users\koviuser\desktop\maptool2\release\controlview.obj
c:\users\koviuser\desktop\maptool2\release\controlproperty.obj
c:\users\koviuser\desktop\maptool2\release\colorshaderclass.obj
c:\users\koviuser\desktop\maptool2\release\cmap.obj
c:\users\koviuser\desktop\maptool2\release\cameraclass.obj
c:\users\koviuser\desktop\maptool2\release\skydomeclass.obj
c:\users\koviuser\desktop\maptool2\release\quadtreeclass.obj
c:\users\koviuser\desktop\maptool2\release\directlightshader.obj
c:\users\koviuser\desktop\maptool2\release\properyview.obj
c:\users\koviuser\desktop\maptool2\release\positionclass.obj
c:\users\koviuser\desktop\maptool2\release\perlinnoise.obj
c:\users\koviuser\desktop\maptool2\release\page1.obj
c:\users\koviuser\desktop\maptool2\release\objloader.obj
c:\users\koviuser\desktop\maptool2\release\objgroup.obj
c:\users\koviuser\desktop\maptool2\release\object.obj
c:\users\koviuser\desktop\maptool2\release\mtltex.obj
c:\users\koviuser\desktop\maptool2\release\modelclass.obj
c:\users\koviuser\desktop\maptool2\release\minimapview.obj
c:\users\koviuser\desktop\maptool2\release\minimapscene.obj
c:\users\koviuser\desktop\maptool2\release\minimapclass.obj
c:\users\koviuser\desktop\maptool2\release\mesh.obj
c:\users\koviuser\desktop\maptool2\release\mathhelper.obj
c:\users\koviuser\desktop\maptool2\release\maptool2view.obj
c:\users\koviuser\desktop\maptool2\release\maptool2doc.obj
c:\users\koviuser\desktop\maptool2\release\timerclass.obj
c:\users\koviuser\desktop\maptool2\release\textureshaderclass.obj
c:\users\koviuser\desktop\maptool2\release\texturemanager.obj
c:\users\koviuser\desktop\maptool2\release\textureclass.obj
c:\users\koviuser\desktop\maptool2\release\textclass.obj
c:\users\koviuser\desktop\maptool2\release\terrainshaderclass.obj
c:\users\koviuser\desktop\maptool2\release\terrainclass.obj
c:\users\koviuser\desktop\maptool2\release\skyplaneshaderclass.obj
c:\users\koviuser\desktop\maptool2\release\skyplaneclass.obj
c:\users\koviuser\desktop\maptool2\release\skydomeshaderclass.obj
c:\users\koviuser\desktop\maptool2\release\maptool2.res
c:\users\koviuser\desktop\maptool2\release\maptool2.tlog\cl.command.1.tlog
c:\users\koviuser\desktop\maptool2\release\maptool2.tlog\cl.read.1.tlog
c:\users\koviuser\desktop\maptool2\release\maptool2.tlog\cl.write.1.tlog
c:\users\koviuser\desktop\maptool2\release\maptool2.tlog\link.command.1.tlog
c:\users\koviuser\desktop\maptool2\release\maptool2.tlog\link.read.1.tlog
c:\users\koviuser\desktop\maptool2\release\maptool2.tlog\link.write.1.tlog
c:\users\koviuser\desktop\maptool2\release\maptool2.tlog\rc.command.1.tlog
c:\users\koviuser\desktop\maptool2\release\maptool2.tlog\rc.read.1.tlog
c:\users\koviuser\desktop\maptool2\release\maptool2.tlog\rc.write.1.tlog
